2014/07/16 10:15:24 [error] [exception.CDbException] exception 'CDbException' with message 'CDbConnection failed to open the DB connection: SQLSTATE[42000] [1049] Unknown database 'proyecto'' in C:\xampp\xampp\htdocs\yii\framework\db\CDbConnection.php:382
Stack trace:
#0 C:\xampp\xampp\htdocs\yii\framework\db\CDbConnection.php(330): CDbConnection->open()
#1 C:\xampp\xampp\htdocs\yii\framework\db\CDbConnection.php(308): CDbConnection->setActive(true)
#2 C:\xampp\xampp\htdocs\yii\framework\base\CModule.php(387): CDbConnection->init()
#3 C:\xampp\xampp\htdocs\yii\framework\base\CModule.php(103): CModule->getComponent('db')
#4 C:\xampp\xampp\htdocs\yii\framework\gii\generators\model\ModelCode.php(60): CModule->__get('db')
#5 C:\xampp\xampp\htdocs\yii\framework\web\CFormModel.php(39): ModelCode->init()
#6 C:\xampp\xampp\htdocs\yii\framework\gii\CCodeGenerator.php(153): CFormModel->__construct()
#7 C:\xampp\xampp\htdocs\yii\framework\gii\CCodeGenerator.php(63): CCodeGenerator->prepare()
#8 C:\xampp\xampp\htdocs\yii\framework\web\actions\CInlineAction.php(49): CCodeGenerator->actionIndex()
#9 C:\xampp\xampp\htdocs\yii\framework\web\CController.php(308): CInlineAction->runWithParams(Array)
#10 C:\xampp\xampp\htdocs\yii\framework\web\CController.php(286): CController->runAction(Object(CInlineAction))
#11 C:\xampp\xampp\htdocs\yii\framework\web\CController.php(265): CController->runActionWithFilters(Object(CInlineAction), Array)
#12 C:\xampp\xampp\htdocs\yii\framework\web\CWebApplication.php(282): CController->run('index')
#13 C:\xampp\xampp\htdocs\yii\framework\web\CWebApplication.php(141): CWebApplication->runController('gii/model/index')
#14 C:\xampp\xampp\htdocs\yii\framework\base\CApplication.php(180): CWebApplication->processRequest()
#15 C:\xampp\xampp\htdocs\blogyii\index.php(13): CApplication->run()
#16 {main}
REQUEST_URI=/blogyii/index.php?r=gii/model/index
HTTP_REFERER=http://localhost/blogyii/index.php?r=gii/controller/index
---
2014/07/16 10:16:07 [error] [exception.CDbException] exception 'CDbException' with message 'CDbConnection failed to open the DB connection: SQLSTATE[42000] [1049] Unknown database 'proyecto'' in C:\xampp\xampp\htdocs\yii\framework\db\CDbConnection.php:382
Stack trace:
#0 C:\xampp\xampp\htdocs\yii\framework\db\CDbConnection.php(330): CDbConnection->open()
#1 C:\xampp\xampp\htdocs\yii\framework\db\CDbConnection.php(308): CDbConnection->setActive(true)
#2 C:\xampp\xampp\htdocs\yii\framework\base\CModule.php(387): CDbConnection->init()
#3 C:\xampp\xampp\htdocs\yii\framework\base\CModule.php(103): CModule->getComponent('db')
#4 C:\xampp\xampp\htdocs\yii\framework\gii\generators\model\ModelCode.php(60): CModule->__get('db')
#5 C:\xampp\xampp\htdocs\yii\framework\web\CFormModel.php(39): ModelCode->init()
#6 C:\xampp\xampp\htdocs\yii\framework\gii\CCodeGenerator.php(153): CFormModel->__construct()
#7 C:\xampp\xampp\htdocs\yii\framework\gii\CCodeGenerator.php(63): CCodeGenerator->prepare()
#8 C:\xampp\xampp\htdocs\yii\framework\web\actions\CInlineAction.php(49): CCodeGenerator->actionIndex()
#9 C:\xampp\xampp\htdocs\yii\framework\web\CController.php(308): CInlineAction->runWithParams(Array)
#10 C:\xampp\xampp\htdocs\yii\framework\web\CController.php(286): CController->runAction(Object(CInlineAction))
#11 C:\xampp\xampp\htdocs\yii\framework\web\CController.php(265): CController->runActionWithFilters(Object(CInlineAction), Array)
#12 C:\xampp\xampp\htdocs\yii\framework\web\CWebApplication.php(282): CController->run('index')
#13 C:\xampp\xampp\htdocs\yii\framework\web\CWebApplication.php(141): CWebApplication->runController('gii/model/index')
#14 C:\xampp\xampp\htdocs\yii\framework\base\CApplication.php(180): CWebApplication->processRequest()
#15 C:\xampp\xampp\htdocs\blogyii\index.php(13): CApplication->run()
#16 {main}
REQUEST_URI=/blogyii/index.php?r=gii/model/index
HTTP_REFERER=http://localhost/blogyii/index.php?r=gii/form/index
---
2014/07/16 10:19:51 [error] [exception.CException] exception 'CException' with message 'Alias "bootstrap.components.TbApi" is invalid. Make sure it points to an existing directory or file.' in C:\xampp\xampp\htdocs\yii\framework\YiiBase.php:347
Stack trace:
#0 C:\xampp\xampp\htdocs\yii\framework\YiiBase.php(196): YiiBase::import('bootstrap.compo...', true)
#1 C:\xampp\xampp\htdocs\yii\framework\base\CModule.php(386): YiiBase::createComponent(Array)
#2 C:\xampp\xampp\htdocs\yii\framework\base\CModule.php(103): CModule->getComponent('bootstrap')
#3 C:\xampp\xampp\htdocs\blogyii\protected\views\layouts\main.php(7): CModule->__get('bootstrap')
#4 C:\xampp\xampp\htdocs\yii\framework\web\CBaseController.php(126): require('C:\xampp\xampp\...')
#5 C:\xampp\xampp\htdocs\yii\framework\web\CBaseController.php(95): CBaseController->renderInternal('C:\xampp\xampp\...', Array, true)
#6 C:\xampp\xampp\htdocs\yii\framework\web\widgets\CContentDecorator.php(76): CBaseController->renderFile('C:\xampp\xampp\...', Array, true)
#7 C:\xampp\xampp\htdocs\yii\framework\web\widgets\CContentDecorator.php(54): CContentDecorator->decorate('<div id="conten...')
#8 C:\xampp\xampp\htdocs\yii\framework\web\widgets\COutputProcessor.php(44): CContentDecorator->processOutput('<div id="conten...')
#9 C:\xampp\xampp\htdocs\yii\framework\web\CBaseController.php(206): COutputProcessor->run()
#10 C:\xampp\xampp\htdocs\yii\framework\web\CBaseController.php(300): CBaseController->endWidget('CContentDecorat...')
#11 C:\xampp\xampp\htdocs\blogyii\protected\views\layouts\column1.php(6): CBaseController->endContent()
#12 C:\xampp\xampp\htdocs\yii\framework\web\CBaseController.php(126): require('C:\xampp\xampp\...')
#13 C:\xampp\xampp\htdocs\yii\framework\web\CBaseController.php(95): CBaseController->renderInternal('C:\xampp\xampp\...', Array, true)
#14 C:\xampp\xampp\htdocs\yii\framework\web\CController.php(784): CBaseController->renderFile('C:\xampp\xampp\...', Array, true)
#15 C:\xampp\xampp\htdocs\blogyii\protected\controllers\SiteController.php(32): CController->render('index')
#16 C:\xampp\xampp\htdocs\yii\framework\web\actions\CInlineAction.php(49): SiteController->actionIndex()
#17 C:\xampp\xampp\htdocs\yii\framework\web\CController.php(308): CInlineAction->runWithParams(Array)
#18 C:\xampp\xampp\htdocs\yii\framework\web\CController.php(286): CController->runAction(Object(CInlineAction))
#19 C:\xampp\xampp\htdocs\yii\framework\web\CController.php(265): CController->runActionWithFilters(Object(CInlineAction), Array)
#20 C:\xampp\xampp\htdocs\yii\framework\web\CWebApplication.php(282): CController->run('')
#21 C:\xampp\xampp\htdocs\yii\framework\web\CWebApplication.php(141): CWebApplication->runController('')
#22 C:\xampp\xampp\htdocs\yii\framework\base\CApplication.php(180): CWebApplication->processRequest()
#23 C:\xampp\xampp\htdocs\blogyii\index.php(13): CApplication->run()
#24 {main}
REQUEST_URI=/blogyii/
---
2014/07/16 10:21:52 [error] [exception.CException] exception 'CException' with message 'Alias "bootstrap.components.TbApi" is invalid. Make sure it points to an existing directory or file.' in C:\xampp\xampp\htdocs\yii\framework\YiiBase.php:347
Stack trace:
#0 C:\xampp\xampp\htdocs\yii\framework\YiiBase.php(196): YiiBase::import('bootstrap.compo...', true)
#1 C:\xampp\xampp\htdocs\yii\framework\base\CModule.php(386): YiiBase::createComponent(Array)
#2 C:\xampp\xampp\htdocs\yii\framework\base\CModule.php(103): CModule->getComponent('bootstrap')
#3 C:\xampp\xampp\htdocs\blogyii\protected\views\layouts\main.php(7): CModule->__get('bootstrap')
#4 C:\xampp\xampp\htdocs\yii\framework\web\CBaseController.php(126): require('C:\xampp\xampp\...')
#5 C:\xampp\xampp\htdocs\yii\framework\web\CBaseController.php(95): CBaseController->renderInternal('C:\xampp\xampp\...', Array, true)
#6 C:\xampp\xampp\htdocs\yii\framework\web\widgets\CContentDecorator.php(76): CBaseController->renderFile('C:\xampp\xampp\...', Array, true)
#7 C:\xampp\xampp\htdocs\yii\framework\web\widgets\CContentDecorator.php(54): CContentDecorator->decorate('<div id="conten...')
#8 C:\xampp\xampp\htdocs\yii\framework\web\widgets\COutputProcessor.php(44): CContentDecorator->processOutput('<div id="conten...')
#9 C:\xampp\xampp\htdocs\yii\framework\web\CBaseController.php(206): COutputProcessor->run()
#10 C:\xampp\xampp\htdocs\yii\framework\web\CBaseController.php(300): CBaseController->endWidget('CContentDecorat...')
#11 C:\xampp\xampp\htdocs\blogyii\protected\views\layouts\column1.php(6): CBaseController->endContent()
#12 C:\xampp\xampp\htdocs\yii\framework\web\CBaseController.php(126): require('C:\xampp\xampp\...')
#13 C:\xampp\xampp\htdocs\yii\framework\web\CBaseController.php(95): CBaseController->renderInternal('C:\xampp\xampp\...', Array, true)
#14 C:\xampp\xampp\htdocs\yii\framework\web\CController.php(784): CBaseController->renderFile('C:\xampp\xampp\...', Array, true)
#15 C:\xampp\xampp\htdocs\blogyii\protected\controllers\SiteController.php(32): CController->render('index')
#16 C:\xampp\xampp\htdocs\yii\framework\web\actions\CInlineAction.php(49): SiteController->actionIndex()
#17 C:\xampp\xampp\htdocs\yii\framework\web\CController.php(308): CInlineAction->runWithParams(Array)
#18 C:\xampp\xampp\htdocs\yii\framework\web\CController.php(286): CController->runAction(Object(CInlineAction))
#19 C:\xampp\xampp\htdocs\yii\framework\web\CController.php(265): CController->runActionWithFilters(Object(CInlineAction), Array)
#20 C:\xampp\xampp\htdocs\yii\framework\web\CWebApplication.php(282): CController->run('')
#21 C:\xampp\xampp\htdocs\yii\framework\web\CWebApplication.php(141): CWebApplication->runController('')
#22 C:\xampp\xampp\htdocs\yii\framework\base\CApplication.php(180): CWebApplication->processRequest()
#23 C:\xampp\xampp\htdocs\blogyii\index.php(13): CApplication->run()
#24 {main}
REQUEST_URI=/blogyii/
---
2014/07/16 10:21:52 [error] [exception.CException] exception 'CException' with message 'Alias "bootstrap.components.TbApi" is invalid. Make sure it points to an existing directory or file.' in C:\xampp\xampp\htdocs\yii\framework\YiiBase.php:347
Stack trace:
#0 C:\xampp\xampp\htdocs\yii\framework\YiiBase.php(196): YiiBase::import('bootstrap.compo...', true)
#1 C:\xampp\xampp\htdocs\yii\framework\base\CModule.php(386): YiiBase::createComponent(Array)
#2 C:\xampp\xampp\htdocs\yii\framework\base\CModule.php(103): CModule->getComponent('bootstrap')
#3 C:\xampp\xampp\htdocs\blogyii\protected\views\layouts\main.php(7): CModule->__get('bootstrap')
#4 C:\xampp\xampp\htdocs\yii\framework\web\CBaseController.php(126): require('C:\xampp\xampp\...')
#5 C:\xampp\xampp\htdocs\yii\framework\web\CBaseController.php(95): CBaseController->renderInternal('C:\xampp\xampp\...', Array, true)
#6 C:\xampp\xampp\htdocs\yii\framework\web\widgets\CContentDecorator.php(76): CBaseController->renderFile('C:\xampp\xampp\...', Array, true)
#7 C:\xampp\xampp\htdocs\yii\framework\web\widgets\CContentDecorator.php(54): CContentDecorator->decorate('<div id="conten...')
#8 C:\xampp\xampp\htdocs\yii\framework\web\widgets\COutputProcessor.php(44): CContentDecorator->processOutput('<div id="conten...')
#9 C:\xampp\xampp\htdocs\yii\framework\web\CBaseController.php(206): COutputProcessor->run()
#10 C:\xampp\xampp\htdocs\yii\framework\web\CBaseController.php(300): CBaseController->endWidget('CContentDecorat...')
#11 C:\xampp\xampp\htdocs\blogyii\protected\views\layouts\column1.php(6): CBaseController->endContent()
#12 C:\xampp\xampp\htdocs\yii\framework\web\CBaseController.php(126): require('C:\xampp\xampp\...')
#13 C:\xampp\xampp\htdocs\yii\framework\web\CBaseController.php(95): CBaseController->renderInternal('C:\xampp\xampp\...', Array, true)
#14 C:\xampp\xampp\htdocs\yii\framework\web\CController.php(784): CBaseController->renderFile('C:\xampp\xampp\...', Array, true)
#15 C:\xampp\xampp\htdocs\blogyii\protected\controllers\SiteController.php(32): CController->render('index')
#16 C:\xampp\xampp\htdocs\yii\framework\web\actions\CInlineAction.php(49): SiteController->actionIndex()
#17 C:\xampp\xampp\htdocs\yii\framework\web\CController.php(308): CInlineAction->runWithParams(Array)
#18 C:\xampp\xampp\htdocs\yii\framework\web\CController.php(286): CController->runAction(Object(CInlineAction))
#19 C:\xampp\xampp\htdocs\yii\framework\web\CController.php(265): CController->runActionWithFilters(Object(CInlineAction), Array)
#20 C:\xampp\xampp\htdocs\yii\framework\web\CWebApplication.php(282): CController->run('')
#21 C:\xampp\xampp\htdocs\yii\framework\web\CWebApplication.php(141): CWebApplication->runController('')
#22 C:\xampp\xampp\htdocs\yii\framework\base\CApplication.php(180): CWebApplication->processRequest()
#23 C:\xampp\xampp\htdocs\blogyii\index.php(13): CApplication->run()
#24 {main}
REQUEST_URI=/blogyii/
---
2014/07/16 10:23:44 [error] [exception.CException] exception 'CException' with message 'Property "CWebApplication.bootstrap" is not defined.' in C:\xampp\xampp\htdocs\yii\framework\base\CComponent.php:130
Stack trace:
#0 C:\xampp\xampp\htdocs\yii\framework\base\CModule.php(105): CComponent->__get('bootstrap')
#1 C:\xampp\xampp\htdocs\blogyii\protected\views\layouts\main.php(7): CModule->__get('bootstrap')
#2 C:\xampp\xampp\htdocs\yii\framework\web\CBaseController.php(126): require('C:\xampp\xampp\...')
#3 C:\xampp\xampp\htdocs\yii\framework\web\CBaseController.php(95): CBaseController->renderInternal('C:\xampp\xampp\...', Array, true)
#4 C:\xampp\xampp\htdocs\yii\framework\web\widgets\CContentDecorator.php(76): CBaseController->renderFile('C:\xampp\xampp\...', Array, true)
#5 C:\xampp\xampp\htdocs\yii\framework\web\widgets\CContentDecorator.php(54): CContentDecorator->decorate('<div id="conten...')
#6 C:\xampp\xampp\htdocs\yii\framework\web\widgets\COutputProcessor.php(44): CContentDecorator->processOutput('<div id="conten...')
#7 C:\xampp\xampp\htdocs\yii\framework\web\CBaseController.php(206): COutputProcessor->run()
#8 C:\xampp\xampp\htdocs\yii\framework\web\CBaseController.php(300): CBaseController->endWidget('CContentDecorat...')
#9 C:\xampp\xampp\htdocs\blogyii\protected\views\layouts\column1.php(6): CBaseController->endContent()
#10 C:\xampp\xampp\htdocs\yii\framework\web\CBaseController.php(126): require('C:\xampp\xampp\...')
#11 C:\xampp\xampp\htdocs\yii\framework\web\CBaseController.php(95): CBaseController->renderInternal('C:\xampp\xampp\...', Array, true)
#12 C:\xampp\xampp\htdocs\yii\framework\web\CController.php(784): CBaseController->renderFile('C:\xampp\xampp\...', Array, true)
#13 C:\xampp\xampp\htdocs\blogyii\protected\controllers\SiteController.php(32): CController->render('index')
#14 C:\xampp\xampp\htdocs\yii\framework\web\actions\CInlineAction.php(49): SiteController->actionIndex()
#15 C:\xampp\xampp\htdocs\yii\framework\web\CController.php(308): CInlineAction->runWithParams(Array)
#16 C:\xampp\xampp\htdocs\yii\framework\web\CController.php(286): CController->runAction(Object(CInlineAction))
#17 C:\xampp\xampp\htdocs\yii\framework\web\CController.php(265): CController->runActionWithFilters(Object(CInlineAction), Array)
#18 C:\xampp\xampp\htdocs\yii\framework\web\CWebApplication.php(282): CController->run('')
#19 C:\xampp\xampp\htdocs\yii\framework\web\CWebApplication.php(141): CWebApplication->runController('')
#20 C:\xampp\xampp\htdocs\yii\framework\base\CApplication.php(180): CWebApplication->processRequest()
#21 C:\xampp\xampp\htdocs\blogyii\index.php(13): CApplication->run()
#22 {main}
REQUEST_URI=/blogyii/
---
2014/07/16 10:23:59 [error] [exception.CException] exception 'CException' with message 'Property "CWebApplication.bootstrap" is not defined.' in C:\xampp\xampp\htdocs\yii\framework\base\CComponent.php:130
Stack trace:
#0 C:\xampp\xampp\htdocs\yii\framework\base\CModule.php(105): CComponent->__get('bootstrap')
#1 C:\xampp\xampp\htdocs\blogyii\protected\views\layouts\main.php(7): CModule->__get('bootstrap')
#2 C:\xampp\xampp\htdocs\yii\framework\web\CBaseController.php(126): require('C:\xampp\xampp\...')
#3 C:\xampp\xampp\htdocs\yii\framework\web\CBaseController.php(95): CBaseController->renderInternal('C:\xampp\xampp\...', Array, true)
#4 C:\xampp\xampp\htdocs\yii\framework\web\widgets\CContentDecorator.php(76): CBaseController->renderFile('C:\xampp\xampp\...', Array, true)
#5 C:\xampp\xampp\htdocs\yii\framework\web\widgets\CContentDecorator.php(54): CContentDecorator->decorate('<div id="conten...')
#6 C:\xampp\xampp\htdocs\yii\framework\web\widgets\COutputProcessor.php(44): CContentDecorator->processOutput('<div id="conten...')
#7 C:\xampp\xampp\htdocs\yii\framework\web\CBaseController.php(206): COutputProcessor->run()
#8 C:\xampp\xampp\htdocs\yii\framework\web\CBaseController.php(300): CBaseController->endWidget('CContentDecorat...')
#9 C:\xampp\xampp\htdocs\blogyii\protected\views\layouts\column1.php(6): CBaseController->endContent()
#10 C:\xampp\xampp\htdocs\yii\framework\web\CBaseController.php(126): require('C:\xampp\xampp\...')
#11 C:\xampp\xampp\htdocs\yii\framework\web\CBaseController.php(95): CBaseController->renderInternal('C:\xampp\xampp\...', Array, true)
#12 C:\xampp\xampp\htdocs\yii\framework\web\CController.php(784): CBaseController->renderFile('C:\xampp\xampp\...', Array, true)
#13 C:\xampp\xampp\htdocs\blogyii\protected\controllers\SiteController.php(32): CController->render('index')
#14 C:\xampp\xampp\htdocs\yii\framework\web\actions\CInlineAction.php(49): SiteController->actionIndex()
#15 C:\xampp\xampp\htdocs\yii\framework\web\CController.php(308): CInlineAction->runWithParams(Array)
#16 C:\xampp\xampp\htdocs\yii\framework\web\CController.php(286): CController->runAction(Object(CInlineAction))
#17 C:\xampp\xampp\htdocs\yii\framework\web\CController.php(265): CController->runActionWithFilters(Object(CInlineAction), Array)
#18 C:\xampp\xampp\htdocs\yii\framework\web\CWebApplication.php(282): CController->run('')
#19 C:\xampp\xampp\htdocs\yii\framework\web\CWebApplication.php(141): CWebApplication->runController('')
#20 C:\xampp\xampp\htdocs\yii\framework\base\CApplication.php(180): CWebApplication->processRequest()
#21 C:\xampp\xampp\htdocs\blogyii\index.php(13): CApplication->run()
#22 {main}
REQUEST_URI=/blogyii/
---
2014/07/16 10:26:18 [error] [exception.CException] exception 'CException' with message 'Property "CWebApplication.bootstrap" is not defined.' in C:\xampp\xampp\htdocs\yii\framework\base\CComponent.php:130
Stack trace:
#0 C:\xampp\xampp\htdocs\yii\framework\base\CModule.php(105): CComponent->__get('bootstrap')
#1 C:\xampp\xampp\htdocs\blogyii\protected\views\layouts\main.php(7): CModule->__get('bootstrap')
#2 C:\xampp\xampp\htdocs\yii\framework\web\CBaseController.php(126): require('C:\xampp\xampp\...')
#3 C:\xampp\xampp\htdocs\yii\framework\web\CBaseController.php(95): CBaseController->renderInternal('C:\xampp\xampp\...', Array, true)
#4 C:\xampp\xampp\htdocs\yii\framework\web\widgets\CContentDecorator.php(76): CBaseController->renderFile('C:\xampp\xampp\...', Array, true)
#5 C:\xampp\xampp\htdocs\yii\framework\web\widgets\CContentDecorator.php(54): CContentDecorator->decorate('<div id="conten...')
#6 C:\xampp\xampp\htdocs\yii\framework\web\widgets\COutputProcessor.php(44): CContentDecorator->processOutput('<div id="conten...')
#7 C:\xampp\xampp\htdocs\yii\framework\web\CBaseController.php(206): COutputProcessor->run()
#8 C:\xampp\xampp\htdocs\yii\framework\web\CBaseController.php(300): CBaseController->endWidget('CContentDecorat...')
#9 C:\xampp\xampp\htdocs\blogyii\protected\views\layouts\column1.php(6): CBaseController->endContent()
#10 C:\xampp\xampp\htdocs\yii\framework\web\CBaseController.php(126): require('C:\xampp\xampp\...')
#11 C:\xampp\xampp\htdocs\yii\framework\web\CBaseController.php(95): CBaseController->renderInternal('C:\xampp\xampp\...', Array, true)
#12 C:\xampp\xampp\htdocs\yii\framework\web\CController.php(784): CBaseController->renderFile('C:\xampp\xampp\...', Array, true)
#13 C:\xampp\xampp\htdocs\blogyii\protected\controllers\SiteController.php(32): CController->render('index')
#14 C:\xampp\xampp\htdocs\yii\framework\web\actions\CInlineAction.php(49): SiteController->actionIndex()
#15 C:\xampp\xampp\htdocs\yii\framework\web\CController.php(308): CInlineAction->runWithParams(Array)
#16 C:\xampp\xampp\htdocs\yii\framework\web\CController.php(286): CController->runAction(Object(CInlineAction))
#17 C:\xampp\xampp\htdocs\yii\framework\web\CController.php(265): CController->runActionWithFilters(Object(CInlineAction), Array)
#18 C:\xampp\xampp\htdocs\yii\framework\web\CWebApplication.php(282): CController->run('')
#19 C:\xampp\xampp\htdocs\yii\framework\web\CWebApplication.php(141): CWebApplication->runController('')
#20 C:\xampp\xampp\htdocs\yii\framework\base\CApplication.php(180): CWebApplication->processRequest()
#21 C:\xampp\xampp\htdocs\blogyii\index.php(13): CApplication->run()
#22 {main}
REQUEST_URI=/blogyii/
---
